2019-08-19 20:39:47,281 [restartedMain] INFO  o.s.b.d.e.DevToolsPropertyDefaultsPostProcessor 227 - Devtools property defaults active! Set 'spring.devtools.add-properties' to 'false' to disable
2019-08-19 20:39:47,670 [restartedMain] INFO  o.s.c.s.PostProcessorRegistrationDelegate$BeanPostProcessorChecker 330 - Bean 'org.springframework.cloud.autoconfigure.ConfigurationPropertiesRebinderAutoConfiguration' of type [org.springframework.cloud.autoconfigure.ConfigurationPropertiesRebinderAutoConfiguration$$EnhancerBySpringCGLIB$$2e0e33bc] is not eligible for getting processed by all BeanPostProcessors (for example: not eligible for auto-proxying)
2019-08-19 20:39:49,373 [restartedMain] INFO  o.c.eureka.ConfigServerApplication 675 - No active profile set, falling back to default profiles: default
2019-08-19 20:39:52,135 [restartedMain] INFO  o.s.i.c.DefaultConfiguringBeanFactoryPostProcessor 188 - No bean named 'errorChannel' has been explicitly defined. Therefore, a default PublishSubscribeChannel will be created.
2019-08-19 20:39:52,160 [restartedMain] INFO  o.s.i.c.DefaultConfiguringBeanFactoryPostProcessor 275 - No bean named 'taskScheduler' has been explicitly defined. Therefore, a default ThreadPoolTaskScheduler will be created.
2019-08-19 20:39:52,207 [restartedMain] INFO  o.s.i.c.DefaultConfiguringBeanFactoryPostProcessor 426 - No bean named 'integrationHeaderChannelRegistry' has been explicitly defined. Therefore, a default DefaultHeaderChannelRegistry will be created.
2019-08-19 20:39:52,267 [restartedMain] INFO  o.s.c.s.PostProcessorRegistrationDelegate$BeanPostProcessorChecker 330 - Bean 'org.springframework.amqp.rabbit.annotation.RabbitBootstrapConfiguration' of type [org.springframework.amqp.rabbit.annotation.RabbitBootstrapConfiguration$$EnhancerBySpringCGLIB$$d85feeed] is not eligible for getting processed by all BeanPostProcessors (for example: not eligible for auto-proxying)
2019-08-19 20:39:52,396 [restartedMain] INFO  o.s.c.s.PostProcessorRegistrationDelegate$BeanPostProcessorChecker 330 - Bean 'integrationDisposableAutoCreatedBeans' of type [org.springframework.integration.config.annotation.Disposables] is not eligible for getting processed by all BeanPostProcessors (for example: not eligible for auto-proxying)
2019-08-19 20:39:52,422 [restartedMain] INFO  o.s.c.s.PostProcessorRegistrationDelegate$BeanPostProcessorChecker 330 - Bean 'org.springframework.integration.config.IntegrationManagementConfiguration' of type [org.springframework.integration.config.IntegrationManagementConfiguration$$EnhancerBySpringCGLIB$$7ce5ebee] is not eligible for getting processed by all BeanPostProcessors (for example: not eligible for auto-proxying)
2019-08-19 20:39:52,429 [restartedMain] INFO  o.s.c.s.PostProcessorRegistrationDelegate$BeanPostProcessorChecker 330 - Bean 'org.springframework.boot.autoconfigure.integration.IntegrationAutoConfiguration$IntegrationJmxConfiguration' of type [org.springframework.boot.autoconfigure.integration.IntegrationAutoConfiguration$IntegrationJmxConfiguration$$EnhancerBySpringCGLIB$$5877f70e] is not eligible for getting processed by all BeanPostProcessors (for example: not eligible for auto-proxying)
2019-08-19 20:39:52,439 [restartedMain] INFO  o.s.c.s.PostProcessorRegistrationDelegate$BeanPostProcessorChecker 330 - Bean 'org.springframework.boot.autoconfigure.jmx.JmxAutoConfiguration' of type [org.springframework.boot.autoconfigure.jmx.JmxAutoConfiguration$$EnhancerBySpringCGLIB$$915f9fdb] is not eligible for getting processed by all BeanPostProcessors (for example: not eligible for auto-proxying)
2019-08-19 20:39:52,445 [restartedMain] INFO  o.s.c.s.PostProcessorRegistrationDelegate$BeanPostProcessorChecker 330 - Bean 'mbeanServer' of type [com.sun.jmx.mbeanserver.JmxMBeanServer] is not eligible for getting processed by all BeanPostProcessors (for example: not eligible for auto-proxying)
2019-08-19 20:39:52,458 [restartedMain] INFO  o.s.c.s.PostProcessorRegistrationDelegate$BeanPostProcessorChecker 330 - Bean 'org.springframework.cloud.autoconfigure.ConfigurationPropertiesRebinderAutoConfiguration' of type [org.springframework.cloud.autoconfigure.ConfigurationPropertiesRebinderAutoConfiguration$$EnhancerBySpringCGLIB$$2e0e33bc] is not eligible for getting processed by all BeanPostProcessors (for example: not eligible for auto-proxying)
2019-08-19 20:39:53,484 [restartedMain] INFO  o.a.coyote.http11.Http11NioProtocol 173 - Initializing ProtocolHandler ["http-nio-8066"]
2019-08-19 20:39:53,494 [restartedMain] INFO  o.a.catalina.core.StandardService 173 - Starting service [Tomcat]
2019-08-19 20:39:53,494 [restartedMain] INFO  o.a.catalina.core.StandardEngine 173 - Starting Servlet engine: [Apache Tomcat/9.0.14]
2019-08-19 20:39:53,501 [restartedMain] INFO  o.a.c.core.AprLifecycleListener 173 - The APR based Apache Tomcat Native library which allows optimal performance in production environments was not found on the java.library.path: [C:\Program Files\Java\jdk1.8.0_92\bin;C:\Windows\Sun\Java\bin;C:\Windows\system32;C:\Windows;C:\Windows\system32;C:\Windows;C:\Windows\System32\Wbem;C:\Windows\System32\WindowsPowerShell\v1.0\;C:\Windows\System32\OpenSSH\;C:\Program Files\Java\jdk1.8.0_92\bin;C:\Program Files\Java\jdk1.8.0_92\jre\bin;D:\apache-maven-3.6.1\bin;D:\Git\cmd;C:\Program Files (x86)\NVIDIA Corporation\PhysX\Common;C:\Program Files\NVIDIA Corporation\NVIDIA NvDLISR;C:\Users\Administrator\AppData\Local\Microsoft\WindowsApps;;.]
2019-08-19 20:39:53,708 [restartedMain] INFO  o.a.c.c.C.[Tomcat].[localhost].[/] 173 - Initializing Spring embedded WebApplicationContext
2019-08-19 20:39:53,708 [restartedMain] INFO  o.s.web.context.ContextLoader 296 - Root WebApplicationContext: initialization completed in 4320 ms
2019-08-19 20:39:53,832 [restartedMain] WARN  c.n.c.sources.URLConfigurationSource 121 - No URLs will be polled as dynamic configuration sources.
2019-08-19 20:39:53,833 [restartedMain] INFO  c.n.c.sources.URLConfigurationSource 122 - To enable URLs as dynamic configuration sources, define System property archaius.configurationSource.additionalUrls or make config.properties available on classpath.
2019-08-19 20:39:53,844 [restartedMain] INFO  c.n.config.DynamicPropertyFactory 281 - DynamicPropertyFactory is initialized with configuration sources: com.netflix.config.ConcurrentCompositeConfiguration@1bb7dec7
2019-08-19 20:40:23,425 [restartedMain] INFO  o.s.s.c.ThreadPoolTaskScheduler 171 - Initializing ExecutorService 'taskScheduler'
2019-08-19 20:40:23,851 [restartedMain] WARN  c.n.c.sources.URLConfigurationSource 121 - No URLs will be polled as dynamic configuration sources.
2019-08-19 20:40:23,851 [restartedMain] INFO  c.n.c.sources.URLConfigurationSource 122 - To enable URLs as dynamic configuration sources, define System property archaius.configurationSource.additionalUrls or make config.properties available on classpath.
2019-08-19 20:40:24,020 [restartedMain] INFO  o.s.s.c.ThreadPoolTaskExecutor 171 - Initializing ExecutorService 'applicationTaskExecutor'
2019-08-19 20:40:25,205 [restartedMain] INFO  o.s.s.web.DefaultSecurityFilterChain 43 - Creating filter chain: any request, [org.springframework.security.web.context.request.async.WebAsyncManagerIntegrationFilter@1b7f1ab6, org.springframework.security.web.context.SecurityContextPersistenceFilter@23152caf, org.springframework.security.web.header.HeaderWriterFilter@4d13083c, org.springframework.security.web.csrf.CsrfFilter@76944119, org.springframework.security.web.authentication.logout.LogoutFilter@153a471c, org.springframework.security.web.authentication.UsernamePasswordAuthenticationFilter@4c06d0c5, org.springframework.security.web.authentication.ui.DefaultLoginPageGeneratingFilter@183aba17, org.springframework.security.web.authentication.ui.DefaultLogoutPageGeneratingFilter@6815e06f, org.springframework.security.web.authentication.www.BasicAuthenticationFilter@264d7eda, org.springframework.security.web.savedrequest.RequestCacheAwareFilter@78c72f37, org.springframework.security.web.servletapi.SecurityContextHolderAwareRequestFilter@1bbd5384, org.springframework.security.web.authentication.AnonymousAuthenticationFilter@66725cb4, org.springframework.security.web.session.SessionManagementFilter@31c997ab, org.springframework.security.web.access.ExceptionTranslationFilter@38e38f1c, org.springframework.security.web.access.intercept.FilterSecurityInterceptor@78ee6827]
2019-08-19 20:40:27,465 [restartedMain] INFO  o.s.i.m.IntegrationMBeanExporter 749 - Registering MessageChannel errorChannel
2019-08-19 20:40:27,556 [restartedMain] INFO  o.s.i.m.IntegrationMBeanExporter 749 - Registering MessageChannel springCloudBusOutput
2019-08-19 20:40:27,592 [restartedMain] INFO  o.s.i.m.IntegrationMBeanExporter 749 - Registering MessageChannel nullChannel
2019-08-19 20:40:27,606 [restartedMain] INFO  o.s.i.m.IntegrationMBeanExporter 749 - Registering MessageChannel springCloudBusInput
2019-08-19 20:40:27,617 [restartedMain] INFO  o.s.i.m.IntegrationMBeanExporter 767 - Registering MessageHandler errorLogger
2019-08-19 20:40:27,639 [restartedMain] INFO  o.s.i.m.IntegrationMBeanExporter 767 - Registering MessageHandler org.springframework.cloud.stream.binding.StreamListenerMessageHandler@32d1b556
2019-08-19 20:40:27,673 [restartedMain] INFO  o.s.i.endpoint.EventDrivenConsumer 107 - Adding {logging-channel-adapter:_org.springframework.integration.errorLogger} as a subscriber to the 'errorChannel' channel
2019-08-19 20:40:27,673 [restartedMain] INFO  o.s.i.c.PublishSubscribeChannel 64 - Channel 'application-1.errorChannel' has 1 subscriber(s).
2019-08-19 20:40:27,673 [restartedMain] INFO  o.s.i.endpoint.EventDrivenConsumer 165 - started _org.springframework.integration.errorLogger
2019-08-19 20:40:29,558 [restartedMain] INFO  o.s.a.r.c.CachingConnectionFactory 460 - Attempting to connect to: [localhost:5672]
2019-08-19 20:40:31,708 [restartedMain] INFO  c.netflix.discovery.DiscoveryClient 349 - Initializing Eureka in region us-east-1
2019-08-19 20:40:31,783 [restartedMain] INFO  c.n.d.p.DiscoveryJerseyProvider 70 - Using JSON encoding codec LegacyJacksonJson
2019-08-19 20:40:31,783 [restartedMain] INFO  c.n.d.p.DiscoveryJerseyProvider 71 - Using JSON decoding codec LegacyJacksonJson
2019-08-19 20:40:31,906 [restartedMain] INFO  c.n.d.p.DiscoveryJerseyProvider 80 - Using XML encoding codec XStreamXml
2019-08-19 20:40:31,907 [restartedMain] INFO  c.n.d.p.DiscoveryJerseyProvider 81 - Using XML decoding codec XStreamXml
2019-08-19 20:40:32,356 [restartedMain] INFO  c.n.d.s.r.aws.ConfigClusterResolver 43 - Resolving eureka endpoints via configuration
2019-08-19 20:40:33,416 [restartedMain] INFO  c.netflix.discovery.DiscoveryClient 958 - Disable delta property : false
2019-08-19 20:40:33,416 [restartedMain] INFO  c.netflix.discovery.DiscoveryClient 959 - Single vip registry refresh property : null
2019-08-19 20:40:33,416 [restartedMain] INFO  c.netflix.discovery.DiscoveryClient 960 - Force full registry fetch : false
2019-08-19 20:40:33,417 [restartedMain] INFO  c.netflix.discovery.DiscoveryClient 961 - Application is null : false
2019-08-19 20:40:33,417 [restartedMain] INFO  c.netflix.discovery.DiscoveryClient 962 - Registered Applications size is zero : true
2019-08-19 20:40:33,417 [restartedMain] INFO  c.netflix.discovery.DiscoveryClient 964 - Application version is -1: true
2019-08-19 20:40:33,417 [restartedMain] INFO  c.netflix.discovery.DiscoveryClient 1047 - Getting all instance registry info from the eureka server
2019-08-19 20:40:34,094 [restartedMain] INFO  c.netflix.discovery.DiscoveryClient 1056 - The response status is 200
2019-08-19 20:40:34,096 [restartedMain] INFO  c.netflix.discovery.DiscoveryClient 1270 - Starting heartbeat executor: renew interval is: 30
2019-08-19 20:40:34,099 [restartedMain] INFO  c.n.discovery.InstanceInfoReplicator 60 - InstanceInfoReplicator onDemand update allowed rate per min is 4
2019-08-19 20:40:34,103 [restartedMain] INFO  c.netflix.discovery.DiscoveryClient 449 - Discovery Client initialized at timestamp 1566218434102 with initial instances count: 0
2019-08-19 20:40:34,106 [restartedMain] INFO  c.netflix.discovery.DiscoveryClient 1305 - Saw local status change event StatusChangeEvent [timestamp=1566218434106, current=UP, previous=STARTING]
2019-08-19 20:40:34,110 [DiscoveryClient-InstanceInfoReplicator-0] INFO  c.netflix.discovery.DiscoveryClient 826 - DiscoveryClient_MICROSERVICE-CONFIG-SERVER/PC-201906302211:microservice-config-server:8066: registering service...
2019-08-19 20:40:34,145 [restartedMain] INFO  o.s.a.r.c.CachingConnectionFactory 460 - Attempting to connect to: [localhost:5672]
2019-08-19 20:40:34,234 [DiscoveryClient-InstanceInfoReplicator-0] INFO  c.netflix.discovery.DiscoveryClient 835 - DiscoveryClient_MICROSERVICE-CONFIG-SERVER/PC-201906302211:microservice-config-server:8066 - registration status: 204
2019-08-19 20:40:36,150 [restartedMain] INFO  o.s.a.r.c.CachingConnectionFactory 460 - Attempting to connect to: [localhost:5672]
2019-08-19 20:40:38,163 [restartedMain] INFO  o.s.a.r.c.CachingConnectionFactory 460 - Attempting to connect to: [localhost:5672]
2019-08-19 20:40:40,259 [restartedMain] INFO  o.s.i.m.IntegrationMBeanExporter 749 - Registering MessageChannel springCloudBus.anonymous.QRnPkKvUT86GcblA3ZZimA.errors
2019-08-19 20:40:40,325 [restartedMain] INFO  o.s.a.r.c.CachingConnectionFactory 460 - Attempting to connect to: [localhost:5672]
2019-08-19 20:40:42,329 [restartedMain] INFO  o.s.a.r.l.SimpleMessageListenerContainer 1685 - Broker not available; cannot force queue declarations during start
2019-08-19 20:40:42,345 [springCloudBus.anonymous.QRnPkKvUT86GcblA3ZZimA-1] INFO  o.s.a.r.c.CachingConnectionFactory 460 - Attempting to connect to: [localhost:5672]
